2024-03-20T02:37:36.642045Z 0 [Warning] [MY-010097] [Server] Insecure configuration for --secure-file-priv: Current value does not restrict location of generated files. Consider setting it to a valid, non-empty path.
2024-03-20T02:37:36.642091Z 0 [Warning] [MY-010918] [Server] 'default_authentication_plugin' is deprecated and will be removed in a future release. Please use authentication_policy instead.
2024-03-20T02:37:36.642115Z 0 [System] [MY-010116] [Server] C:\ProgramData\Laragon\bin\mysql\mysql-8.0.30-winx64\bin\mysqld (mysqld 8.0.30) starting as process 1164
2024-03-20T02:37:36.666122Z 1 [System] [MY-013576] [InnoDB] InnoDB initialization has started.
2024-03-20T02:37:36.911915Z 1 [System] [MY-013577] [InnoDB] InnoDB initialization has ended.
2024-03-20T02:37:37.192343Z 0 [Warning] [MY-013829] [Server] Missing data directory for ICU regular expressions: C:\ProgramData\Laragon\bin\mysql\mysql-8.0.30-winx64\lib\private\.
2024-03-20T02:37:37.197119Z 0 [Warning] [MY-010068] [Server] CA certificate ca.pem is self signed.
2024-03-20T02:37:37.197714Z 0 [System] [MY-013602] [Server] Channel mysql_main configured to support TLS. Encrypted connections are now supported for this channel.
2024-03-20T02:37:37.238566Z 0 [System] [MY-011323] [Server] X Plugin ready for connections. Bind-address: '::' port: 33060
2024-03-20T02:37:37.238647Z 0 [System] [MY-010931] [Server] C:\ProgramData\Laragon\bin\mysql\mysql-8.0.30-winx64\bin\mysqld: ready for connections. Version: '8.0.30'  socket: ''  port: 3306  MySQL Community Server - GPL.
2024-03-20T02:37:48.936717Z 8 [System] [MY-013172] [Server] Received SHUTDOWN from user root. Shutting down mysqld (Version: 8.0.30).
2024-03-20T02:37:48.937235Z 0 [System] [MY-013105] [Server] C:\ProgramData\Laragon\bin\mysql\mysql-8.0.30-winx64\bin\mysqld: Normal shutdown.
2024-03-20T02:37:49.326931Z 0 [System] [MY-010910] [Server] C:\ProgramData\Laragon\bin\mysql\mysql-8.0.30-winx64\bin\mysqld: Shutdown complete (mysqld 8.0.30)  MySQL Community Server - GPL.
2024-03-20T02:38:48.422214Z 0 [Warning] [MY-010097] [Server] Insecure configuration for --secure-file-priv: Current value does not restrict location of generated files. Consider setting it to a valid, non-empty path.
2024-03-20T02:38:48.422256Z 0 [Warning] [MY-010918] [Server] 'default_authentication_plugin' is deprecated and will be removed in a future release. Please use authentication_policy instead.
2024-03-20T02:38:48.422277Z 0 [System] [MY-010116] [Server] C:\ProgramData\Laragon\bin\mysql\mysql-8.0.30-winx64\bin\mysqld (mysqld 8.0.30) starting as process 1800
2024-03-20T02:38:48.444314Z 1 [System] [MY-013576] [InnoDB] InnoDB initialization has started.
2024-03-20T02:38:48.680592Z 1 [System] [MY-013577] [InnoDB] InnoDB initialization has ended.
2024-03-20T02:38:48.929198Z 0 [Warning] [MY-013829] [Server] Missing data directory for ICU regular expressions: C:\ProgramData\Laragon\bin\mysql\mysql-8.0.30-winx64\lib\private\.
2024-03-20T02:38:48.934171Z 0 [Warning] [MY-010068] [Server] CA certificate ca.pem is self signed.
2024-03-20T02:38:48.934572Z 0 [System] [MY-013602] [Server] Channel mysql_main configured to support TLS. Encrypted connections are now supported for this channel.
2024-03-20T02:38:48.972241Z 0 [System] [MY-011323] [Server] X Plugin ready for connections. Bind-address: '::' port: 33060
2024-03-20T02:38:48.972361Z 0 [System] [MY-010931] [Server] C:\ProgramData\Laragon\bin\mysql\mysql-8.0.30-winx64\bin\mysqld: ready for connections. Version: '8.0.30'  socket: ''  port: 3306  MySQL Community Server - GPL.
2024-03-20T02:38:59.650744Z 8 [System] [MY-013172] [Server] Received SHUTDOWN from user root. Shutting down mysqld (Version: 8.0.30).
2024-03-20T02:38:59.651259Z 0 [System] [MY-013105] [Server] C:\ProgramData\Laragon\bin\mysql\mysql-8.0.30-winx64\bin\mysqld: Normal shutdown.
2024-03-20T02:39:00.073049Z 0 [System] [MY-010910] [Server] C:\ProgramData\Laragon\bin\mysql\mysql-8.0.30-winx64\bin\mysqld: Shutdown complete (mysqld 8.0.30)  MySQL Community Server - GPL.
